<?xml version="1.0" encoding="UTF-8"?>
<!-- Generated by org.testng.reporters.JUnitXMLReporter -->
<testsuite ignored="0" hostname="LAPTOP-N5I0RG60" failures="1" tests="1" name="Test" time="42.829" errors="0" timestamp="2024-09-13T16:53:18 IST">
  <testcase classname="com.testCases.TC001_AccountRegistrationTest" name="verify_account_registraion" time="0.237">
    <failure type="java.lang.AssertionError" message="null">
      <![CDATA[java.lang.AssertionError: null
at com.testCases.TC001_AccountRegistrationTest.verify_account_registraion(TC001_AccountRegistrationTest.java:67)
at java.base/java.util.ArrayList.forEach(ArrayList.java:1511)
... Removed 29 stack frames]]>
    </failure>
  </testcase> <!-- verify_account_registraion -->
</testsuite> <!-- Test -->
